flag{123123}	"getflag success"	"submit success"	flag{123123}
afdsfasd	"getflag success"	"submit failed"	afdsfasd
sfadfad	"getflag success"	"submit failed"	sfadfad
flag{123123}	"getflag success"	"submit success"	flag{123123}
flag{123123}	"getflag success"	"submit success"	flag{123123}
afdsfasd	"getflag success"	"submit failed"	afdsfasd
sfadfad	"getflag success"	"submit failed"	sfadfad
flag{123123}	"getflag success"	"submit success"	flag{123123}
flag{123123}	"getflag success"	"submit success"	flag{123123}
afdsfasd	"getflag success"	"submit failed"	afdsfasd
sfadfad	"getflag success"	"submit failed"	sfadfad
flag{123123}	"getflag success"	"submit success"	flag{123123}
flag{123123}	"getflag success"	"submit success"	flag{123123}
afdsfasd	"getflag success"	"submit failed"	afdsfasd
sfadfad	"getflag success"	"submit failed"	sfadfad
flag{123123}	"getflag success"	"submit success"	flag{123123}
flag{123123}	"getflag success"	"submit success"	flag{123123}
afdsfasd	"getflag success"	"submit failed"	afdsfasd
sfadfad	"getflag success"	"submit failed"	sfadfad
flag{123123}	"getflag success"	"submit success"	flag{123123}
flag{123123}	"getflag success"	"submit success"	flag{123123}
afdsfasd	"getflag success"	"submit failed"	afdsfasd
sfadfad	"getflag success"	"submit failed"	sfadfad
flag{123123}	"getflag success"	"submit success"	flag{123123}
flag{123123}	"getflag success"	"submit success"	flag{123123}
afdsfasd	"getflag success"	"submit failed"	afdsfasd
sfadfad	"getflag success"	"submit failed"	sfadfad
flag{123123}	"getflag success"	"submit success"	flag{123123}
flag{123123}	"getflag success"	"submit success"	flag{123123}
afdsfasd	"getflag success"	"submit failed"	afdsfasd
sfadfad	"getflag success"	"submit failed"	sfadfad
flag{123123}	"getflag success"	"submit success"	flag{123123}
flag{123123}	"getflag success"	"submit success"	flag{123123}
afdsfasd	"getflag success"	"submit failed"	afdsfasd
sfadfad	"getflag success"	"submit failed"	sfadfad
flag{123123}	"getflag success"	"submit success"	flag{123123}
flag{123123}	"getflag success"	"submit success"	flag{123123}
flag{fafsdfa}	"getflag success"	"submit failed"	flag{fafsdfa}
xctf{efsdafasd}	"getflag success"	"submit failed"	xctf{efsdafasd}
bctf{fafdadsfsdf}	"getflag success"	"submit failed"	bctf{fafdadsfsdf}
flag{123123}	"getflag success"	"submit success"	flag{123123}
flag{fafsdfa}	"getflag success"	"submit failed"	flag{fafsdfa}
xctf{efsdafasd}	"getflag success"	"submit failed"	xctf{efsdafasd}
bctf{fafdadsfsdf}	"getflag success"	"submit failed"	bctf{fafdadsfsdf}
flag{123123}	"getflag success"	"submit success"	flag{123123}
flag{fafsdfa}	"getflag success"	"submit failed"	flag{fafsdfa}
xctf{efsdafasd}	"getflag success"	"submit failed"	xctf{efsdafasd}
bctf{fafdadsfsdf}	"getflag success"	"submit failed"	bctf{fafdadsfsdf}
flag{123123}	"getflag success"	"submit success"	flag{123123}
flag{fafsdfa}	"getflag success"	"submit failed"	flag{fafsdfa}
xctf{efsdafasd}	"getflag success"	"submit failed"	xctf{efsdafasd}
bctf{fafdadsfsdf}	"getflag success"	"submit failed"	bctf{fafdadsfsdf}
flag{123123}	"getflag success"	"submit success"	flag{123123}
flag{fafsdfa}	"getflag success"	"submit failed"	flag{fafsdfa}
xctf{efsdafasd}	"getflag success"	"submit failed"	xctf{efsdafasd}
bctf{fafdadsfsdf}	"getflag success"	"submit failed"	bctf{fafdadsfsdf}
flag{123123}	"getflag success"	"submit success"	flag{123123}
flag{fafsdfa}	"getflag success"	"submit failed"	flag{fafsdfa}
xctf{efsdafasd}	"getflag success"	"submit failed"	xctf{efsdafasd}
bctf{fafdadsfsdf}	"getflag success"	"submit failed"	bctf{fafdadsfsdf}
flag{123123}	"getflag success"	"submit success"	flag{123123}
flag{fafsdfa}	"getflag success"	"submit failed"	flag{fafsdfa}
xctf{efsdafasd}	"getflag success"	"submit failed"	xctf{efsdafasd}
bctf{fafdadsfsdf}	"getflag success"	"submit failed"	bctf{fafdadsfsdf}
flag{123123}	"getflag success"	"submit success"	flag{123123}
flag{fafsdfa}	"getflag success"	"submit failed"	flag{fafsdfa}
xctf{efsdafasd}	"getflag success"	"submit failed"	xctf{efsdafasd}
bctf{fafdadsfsdf}	"getflag success"	"submit failed"	bctf{fafdadsfsdf}
flag{123123}	"getflag success"	"submit success"	flag{123123}
flag{fafsdfa}	"getflag success"	"submit failed"	flag{fafsdfa}
xctf{efsdafasd}	"getflag success"	"submit failed"	xctf{efsdafasd}
bctf{fafdadsfsdf}	"getflag success"	"submit failed"	bctf{fafdadsfsdf}
flag{123123}	"getflag success"	"submit success"	flag{123123}
flag{fafsdfa}	"getflag success"	"submit failed"	flag{fafsdfa}
xctf{efsdafasd}	"getflag success"	"submit failed"	xctf{efsdafasd}
bctf{fafdadsfsdf}	"getflag success"	"submit failed"	bctf{fafdadsfsdf}
flag{123123}	"getflag success"	"submit success"	flag{123123}
flag{fafsdfa}	"getflag success"	"submit failed"	flag{fafsdfa}
xctf{efsdafasd}	"getflag success"	"submit failed"	xctf{efsdafasd}
bctf{fafdadsfsdf}	"getflag success"	"submit failed"	bctf{fafdadsfsdf}
flag{123123}	"getflag success"	"submit success"	flag{123123}
flag{fafsdfa}	"getflag success"	"submit failed"	flag{fafsdfa}
xctf{efsdafasd}	"getflag success"	"submit failed"	xctf{efsdafasd}
bctf{fafdadsfsdf}	"getflag success"	"submit failed"	bctf{fafdadsfsdf}
flag{123123}	"getflag success"	"submit success"	flag{123123}
flag{fafsdfa}	"getflag success"	"submit failed"	flag{fafsdfa}
xctf{efsdafasd}	"getflag success"	"submit failed"	xctf{efsdafasd}
bctf{fafdadsfsdf}	"getflag success"	"submit failed"	bctf{fafdadsfsdf}
http://172.16.99.129/flag_submit.php	"getflag success"	"submit failed"	asdfasdgas
http://172.16.99.129/flag_submit.php	"getflag success"	"submit failed"	asdfasdgas
http://172.16.99.129/flag_submit.php	"getflag success"	"submit failed"	asdfasdgas
http://172.16.99.129/flag_submit.php	"getflag success"	"submit failed"	asdfasdgas
http://172.16.99.129/flag_submit.php	"getflag success"	"submit failed"	asdfasdgas
http://172.16.99.129/flag_request.php	"getflag success"	"submit failed"	asdfasdgas
http://172.16.99.129/flag_request.php	"getflag success"	"submit failed"	asdfasdgas
http://172.16.99.129/flag_request.php	"getflag success"	"submit failed"	asdfasdgas
http://172.16.99.129/task_request.php	"getflag success"	"submit failed"	asdfasdgas
http://172.16.99.129/task_request.php	"getflag success"	"submit failed"	flag{nosdf_fksl_fkmejnsl}
http://172.16.99.129/task_request.php	"getflag success"	"submit failed"	flag{123456}
http://172.16.99.129/task_request.php	"getflag success"	"submit success"	flag{123123}
http://172.16.99.129/task_request.php	"getflag failed"	"submit failed"	error
http://172.16.99.129/task_request.php	"getflag success"	"submit success"	flag{123123}
http://172.16.99.129/task_request.php	"getflag success"	"submit failed"	flag: flag
http://172.16.99.129/task_request.php	"getflag success"	"submit failed"	flag: flag{123123}
http://172.16.99.129/task_request.php	"getflag success"	"submit success"	flag{123123}
http://172.16.99.129/task_request.php	"getflag success"	"submit success"	flag{123123}
